<?xml version="1.0" encoding="utf-8"?><testsuites><testsuite name="pytest" errors="0" failures="0" skipped="0" tests="3" time="0.496" timestamp="2022-11-06T14:49:02.886470" hostname="hayong-un-ui-MacBookAir.local"><testcase classname="user.tests.BackofficeLoginTest" name="test_signup" time="0.232" /><testcase classname="user.tests.BackofficeLoginTest" name="test_signup_already_exist_email" time="0.061" /><testcase classname="user.tests.BackofficeLoginTest" name="test_signup_users_must_have_an_email" time="0.002" /></testsuite></testsuites>
